[11/10/2024, 4:04:18 AM] [1731211458] Server starting - logging to server_2024-11-10T04-04-18-932Z.log
[11/10/2024, 4:04:18 AM] [1731211458] Resources loaded: 3
[11/10/2024, 4:04:18 AM] [1731211458] Server running on port 8000
[11/10/2024, 4:04:27 AM] [1731211467] Received allocation request for job test with execution number 1
[11/10/2024, 4:04:27 AM] [1731211467] Job test added to queue with execution number 1
[11/10/2024, 4:04:27 AM] [1731211467] Resource slot1@alpha allocated to job test (execution number: 1)
[11/10/2024, 4:04:27 AM] [1731211467] Current server state: 
        Overall State: {"totalResources":3,"freeResources":2,"busyResources":1,"jobsInQueue":0,"pendingJobs":0}
        Available Resources: alpha@7 bravo@1
        Allocated Resources: {"slot1@alpha":{"job":"test","executionNumber":1}}
        Job Queue: []
        Pending Requests: []
[11/10/2024, 4:04:27 AM] [1731211467] Received allocation request for job test2 with execution number 2
[11/10/2024, 4:04:27 AM] [1731211467] Job test2 added to queue with execution number 2
[11/10/2024, 4:04:27 AM] [1731211467] Resource slot7@alpha allocated to job test2 (execution number: 2)
[11/10/2024, 4:04:27 AM] [1731211467] Current server state: 
        Overall State: {"totalResources":3,"freeResources":1,"busyResources":2,"jobsInQueue":0,"pendingJobs":0}
        Available Resources: bravo@1
        Allocated Resources: {"slot1@alpha":{"job":"test","executionNumber":1},"slot7@alpha":{"job":"test2","executionNumber":2}}
        Job Queue: []
        Pending Requests: []
[11/10/2024, 4:04:27 AM] [1731211467] Received allocation request for job test3 with execution number 3
[11/10/2024, 4:04:27 AM] [1731211467] Job test3 added to queue with execution number 3
[11/10/2024, 4:04:27 AM] [1731211467] Resource slot1@bravo allocated to job test3 (execution number: 3)
[11/10/2024, 4:04:27 AM] [1731211467] Current server state: 
        Overall State: {"totalResources":3,"freeResources":0,"busyResources":3,"jobsInQueue":0,"pendingJobs":0}
        Available Resources: 
        Allocated Resources: {"slot1@alpha":{"job":"test","executionNumber":1},"slot7@alpha":{"job":"test2","executionNumber":2},"slot1@bravo":{"job":"test3","executionNumber":3}}
        Job Queue: []
        Pending Requests: []
[11/10/2024, 4:04:36 AM] [1731211476] Received allocation request for job test4 with execution number 4
[11/10/2024, 4:04:36 AM] [1731211476] Job test4 added to queue with execution number 4
[11/10/2024, 4:04:36 AM] [1731211476] Warning: No next Job or No resource available. Break in processQueue.
[11/10/2024, 4:04:36 AM] [1731211476] Current server state: 
        Overall State: {"totalResources":3,"freeResources":0,"busyResources":3,"jobsInQueue":1,"pendingJobs":1}
        Available Resources: 
        Allocated Resources: {"slot1@alpha":{"job":"test","executionNumber":1},"slot7@alpha":{"job":"test2","executionNumber":2},"slot1@bravo":{"job":"test3","executionNumber":3}}
        Job Queue: [{"name":"test4","executionNumber":4}]
        Pending Requests: ["test4-4"]
